0 verbose cli /home/ubuntu/.nvm/versions/node/v16.19.0/bin/node /home/ubuntu/.nvm/versions/node/v16.19.0/bin/npm
1 info using npm@8.19.3
2 info using node@v16.19.0
3 timing npm:load:whichnode Completed in 0ms
4 timing config:load:defaults Completed in 1ms
5 timing config:load:file:/home/ubuntu/.nvm/versions/node/v16.19.0/lib/node_modules/npm/npmrc Completed in 1ms
6 timing config:load:builtin Completed in 1ms
7 timing config:load:cli Completed in 2ms
8 timing config:load:env Completed in 0ms
9 timing config:load:project Completed in 16ms
10 timing config:load:file:/home/ubuntu/.npmrc Completed in 1ms
11 timing config:load:user Completed in 1ms
12 timing config:load:file:/home/ubuntu/.nvm/versions/node/v16.19.0/etc/npmrc Completed in 0ms
13 timing config:load:global Completed in 0ms
14 timing config:load:validate Completed in 1ms
15 timing config:load:credentials Completed in 0ms
16 timing config:load:setEnvs Completed in 1ms
17 timing config:load Completed in 23ms
18 timing npm:load:configload Completed in 23ms
19 timing npm:load:mkdirpcache Completed in 1ms
20 timing npm:load:mkdirplogs Completed in 0ms
21 verbose title npm install cdk
22 verbose argv "install" "--global" "cdk"
23 timing npm:load:setTitle Completed in 1ms
24 timing config:load:flatten Completed in 2ms
25 timing npm:load:display Completed in 3ms
26 verbose logfile logs-max:10 dir:/home/ubuntu/.npm/_logs
27 verbose logfile /home/ubuntu/.npm/_logs/2023-01-29T22_48_07_806Z-debug-0.log
28 timing npm:load:logFile Completed in 4ms
29 timing npm:load:timers Completed in 0ms
30 timing npm:load:configScope Completed in 0ms
31 timing npm:load Completed in 32ms
32 timing arborist:ctor Completed in 1ms
33 silly logfile done cleaning log files
34 timing idealTree:init Completed in 5ms
35 timing idealTree:userRequests Completed in 2ms
36 silly idealTree buildDeps
37 silly fetch manifest cdk@*
38 http fetch GET 200 https://registry.npmjs.org/cdk 135ms (cache miss)
39 silly placeDep ROOT cdk@2.62.2 OK for:  want: *
40 silly fetch manifest aws-cdk@2.62.2
41 http fetch GET 200 https://registry.npmjs.org/aws-cdk 46ms (cache miss)
42 timing idealTree:#root Completed in 202ms
43 silly placeDep node_modules/cdk aws-cdk@2.62.2 OK for: cdk@2.62.2 want: 2.62.2
44 silly fetch manifest fsevents@2.3.2
45 http fetch GET 200 https://registry.npmjs.org/fsevents 29ms (cache miss)
46 timing idealTree:node_modules/cdk Completed in 34ms
47 silly placeDep node_modules/cdk fsevents@2.3.2 OK for: aws-cdk@2.62.2 want: 2.3.2
48 timing idealTree:node_modules/cdk/node_modules/aws-cdk Completed in 2ms
49 timing idealTree:node_modules/cdk/node_modules/fsevents Completed in 0ms
50 timing idealTree:buildDeps Completed in 238ms
51 timing idealTree:fixDepFlags Completed in 0ms
52 timing idealTree Completed in 248ms
53 timing reify:loadTrees Completed in 249ms
54 timing reify:diffTrees Completed in 0ms
55 silly reify moves {}
56 timing reify:retireShallow Completed in 1ms
57 timing reify:createSparse Completed in 1ms
58 timing reify:loadBundles Completed in 0ms
59 silly audit bulk request { cdk: [ '2.62.2' ], 'aws-cdk': [ '2.62.2' ], fsevents: [ '2.3.2' ] }
60 verbose reify failed optional dependency /home/ubuntu/.nvm/versions/node/v16.19.0/lib/node_modules/cdk/node_modules/fsevents
61 silly reify mark deleted [
61 silly reify   '/home/ubuntu/.nvm/versions/node/v16.19.0/lib/node_modules/cdk/node_modules/fsevents'
61 silly reify ]
62 timing reifyNode:node_modules/cdk/node_modules/fsevents Completed in 3ms
63 silly tarball no local data for cdk@https://registry.npmjs.org/cdk/-/cdk-2.62.2.tgz. Extracting by manifest.
64 silly tarball no local data for aws-cdk@https://registry.npmjs.org/aws-cdk/-/aws-cdk-2.62.2.tgz. Extracting by manifest.
65 http fetch POST 200 https://registry.npmjs.org/-/npm/v1/security/advisories/bulk 56ms
66 timing auditReport:getReport Completed in 58ms
67 silly audit report {}
68 timing auditReport:init Completed in 0ms
69 timing reify:audit Completed in 59ms
70 http fetch GET 200 https://registry.npmjs.org/cdk/-/cdk-2.62.2.tgz 64ms (cache miss)
71 timing reifyNode:node_modules/cdk Completed in 75ms
72 http fetch GET 200 https://registry.npmjs.org/aws-cdk/-/aws-cdk-2.62.2.tgz 808ms (cache miss)
73 timing reifyNode:node_modules/cdk/node_modules/aws-cdk Completed in 820ms
74 timing reify:unpack Completed in 820ms
75 timing reify:unretire Completed in 0ms
76 timing build:queue Completed in 1ms
77 timing build:link:node_modules/cdk Completed in 2ms
78 timing build:link:node_modules/cdk/node_modules/aws-cdk Completed in 1ms
79 timing build:link Completed in 2ms
80 timing build:deps Completed in 3ms
81 timing build Completed in 3ms
82 timing reify:build Completed in 3ms
83 timing reify:trash Completed in 1ms
84 timing reify Completed in 1086ms
85 silly ADD node_modules/cdk
86 silly ADD
87 silly ADD node_modules/cdk/node_modules/aws-cdk
88 timing command:install Completed in 1090ms
89 verbose exit 0
90 timing npm Completed in 1205ms
91 info ok
