0 verbose cli /home/ubuntu/.nvm/versions/node/v16.19.0/bin/node /home/ubuntu/.nvm/versions/node/v16.19.0/bin/npm
1 info using npm@8.19.3
2 info using node@v16.19.0
3 timing npm:load:whichnode Completed in 0ms
4 timing config:load:defaults Completed in 2ms
5 timing config:load:file:/home/ubuntu/.nvm/versions/node/v16.19.0/lib/node_modules/npm/npmrc Completed in 0ms
6 timing config:load:builtin Completed in 1ms
7 timing config:load:cli Completed in 1ms
8 timing config:load:env Completed in 1ms
9 timing config:load:file:/home/ubuntu/.c9/lib/server/.npmrc Completed in 11ms
10 timing config:load:project Completed in 12ms
11 timing config:load:file:/home/ubuntu/.npmrc Completed in 2ms
12 timing config:load:user Completed in 2ms
13 timing config:load:file:/home/ubuntu/.c9/lib/server/etc/npmrc Completed in 0ms
14 timing config:load:global Completed in 1ms
15 timing config:load:validate Completed in 0ms
16 timing config:load:credentials Completed in 1ms
17 timing config:load:setEnvs Completed in 1ms
18 timing config:load Completed in 22ms
19 timing npm:load:configload Completed in 22ms
20 timing npm:load:mkdirpcache Completed in 1ms
21 timing npm:load:mkdirplogs Completed in 0ms
22 verbose title npm install
23 verbose argv "install" "--prefix" "/home/ubuntu/.c9/lib/server"
24 timing npm:load:setTitle Completed in 1ms
25 timing config:load:flatten Completed in 3ms
26 timing npm:load:display Completed in 3ms
27 verbose logfile logs-max:10 dir:/home/ubuntu/.npm/_logs
28 verbose logfile /home/ubuntu/.npm/_logs/2023-01-29T22_44_53_503Z-debug-0.log
29 timing npm:load:logFile Completed in 4ms
30 timing npm:load:timers Completed in 0ms
31 timing npm:load:configScope Completed in 0ms
32 timing npm:load Completed in 31ms
33 timing arborist:ctor Completed in 0ms
34 silly logfile done cleaning log files
35 timing arborist:ctor Completed in 0ms
36 timing idealTree:init Completed in 24ms
37 timing idealTree:userRequests Completed in 0ms
38 silly idealTree buildDeps
39 silly fetch manifest amd-loader@0.0.8
40 http fetch GET 200 https://registry.npmjs.org/amd-loader 110ms (cache miss)
41 silly fetch manifest async@3.1.1
42 http fetch GET 200 https://registry.npmjs.org/async 41ms (cache miss)
43 silly fetch manifest aws-sdk@2.610.0
44 http fetch GET 200 https://registry.npmjs.org/aws-sdk 92ms (cache miss)
45 silly fetch manifest commander@4.1.0
46 http fetch GET 200 https://registry.npmjs.org/commander 30ms (cache miss)
47 silly fetch manifest http-error@0.0.6
48 http fetch GET 200 https://registry.npmjs.org/http-error 81ms (cache miss)
49 silly fetch manifest js-yaml@3.13.1
50 http fetch GET 200 https://registry.npmjs.org/js-yaml 29ms (cache miss)
51 silly fetch manifest mkdirp@0.5.1
52 http fetch GET 200 https://registry.npmjs.org/mkdirp 28ms (cache miss)
53 silly fetch manifest uuid@3.4.0
54 http fetch GET 200 https://registry.npmjs.org/uuid 28ms (cache miss)
55 silly placeDep ROOT amd-loader@0.0.8 OK for: server@1.0.0 want: 0.0.8
56 silly placeDep ROOT async@3.1.1 OK for: server@1.0.0 want: 3.1.1
57 silly placeDep ROOT aws-sdk@2.610.0 OK for: server@1.0.0 want: 2.610.0
58 silly placeDep ROOT commander@4.1.0 OK for: server@1.0.0 want: 4.1.0
59 silly placeDep ROOT http-error@0.0.6 OK for: server@1.0.0 want: 0.0.6
60 silly placeDep ROOT js-yaml@3.13.1 OK for: server@1.0.0 want: 3.13.1
61 silly placeDep ROOT mkdirp@0.5.1 OK for: server@1.0.0 want: 0.5.1
62 silly placeDep ROOT uuid@3.4.0 OK for: server@1.0.0 want: 3.4.0
63 silly fetch manifest buffer@4.9.1
64 silly fetch manifest events@1.1.1
65 silly fetch manifest ieee754@1.1.13
66 silly fetch manifest jmespath@0.15.0
67 silly fetch manifest querystring@0.2.0
68 silly fetch manifest sax@1.2.1
69 silly fetch manifest url@0.10.3
70 silly fetch manifest uuid@3.3.2
71 silly fetch manifest xml2js@0.4.19
72 silly fetch manifest argparse@^1.0.7
73 silly fetch manifest esprima@^4.0.0
74 silly fetch manifest minimist@0.0.8
75 http fetch GET 200 https://registry.npmjs.org/buffer 38ms (cache miss)
76 http fetch GET 200 https://registry.npmjs.org/url 82ms (cache miss)
77 http fetch GET 200 https://registry.npmjs.org/querystring 84ms (cache miss)
78 http fetch GET 200 https://registry.npmjs.org/jmespath 89ms (cache miss)
79 http fetch GET 200 https://registry.npmjs.org/ieee754 90ms (cache miss)
80 http fetch GET 200 https://registry.npmjs.org/events 92ms (cache miss)
81 http fetch GET 200 https://registry.npmjs.org/argparse 89ms (cache miss)
82 http fetch GET 200 https://registry.npmjs.org/minimist 91ms (cache miss)
83 http fetch GET 200 https://registry.npmjs.org/esprima 93ms (cache miss)
84 http fetch GET 200 https://registry.npmjs.org/xml2js 95ms (cache miss)
85 http fetch GET 200 https://registry.npmjs.org/sax 97ms (cache miss)
86 timing idealTree:#root Completed in 595ms
87 timing idealTree:node_modules/amd-loader Completed in 0ms
88 timing idealTree:node_modules/async Completed in 0ms
89 silly placeDep ROOT buffer@4.9.1 OK for: aws-sdk@2.610.0 want: 4.9.1
90 silly placeDep ROOT events@1.1.1 OK for: aws-sdk@2.610.0 want: 1.1.1
91 silly placeDep ROOT ieee754@1.1.13 OK for: aws-sdk@2.610.0 want: 1.1.13
92 silly placeDep ROOT jmespath@0.15.0 OK for: aws-sdk@2.610.0 want: 0.15.0
93 silly placeDep ROOT querystring@0.2.0 OK for: aws-sdk@2.610.0 want: 0.2.0
94 silly placeDep ROOT sax@1.2.1 OK for: aws-sdk@2.610.0 want: 1.2.1
95 silly placeDep ROOT url@0.10.3 OK for: aws-sdk@2.610.0 want: 0.10.3
96 silly placeDep node_modules/aws-sdk uuid@3.3.2 OK for: aws-sdk@2.610.0 want: 3.3.2
97 silly placeDep ROOT xml2js@0.4.19 OK for: aws-sdk@2.610.0 want: 0.4.19
98 silly fetch manifest base64-js@^1.0.2
99 silly fetch manifest isarray@^1.0.0
100 silly fetch manifest punycode@1.3.2
101 silly fetch manifest xmlbuilder@~9.0.1
102 http fetch GET 200 https://registry.npmjs.org/base64-js 30ms (cache miss)
103 http fetch GET 200 https://registry.npmjs.org/isarray 53ms (cache miss)
104 http fetch GET 200 https://registry.npmjs.org/punycode 56ms (cache miss)
105 http fetch GET 200 https://registry.npmjs.org/xmlbuilder 57ms (cache miss)
106 timing idealTree:node_modules/aws-sdk Completed in 86ms
107 silly placeDep ROOT base64-js@1.5.1 OK for: buffer@4.9.1 want: ^1.0.2
108 silly placeDep ROOT isarray@1.0.0 OK for: buffer@4.9.1 want: ^1.0.0
109 timing idealTree:node_modules/buffer Completed in 3ms
110 timing idealTree:node_modules/base64-js Completed in 0ms
111 timing idealTree:node_modules/commander Completed in 0ms
112 timing idealTree:node_modules/events Completed in 0ms
113 timing idealTree:node_modules/http-error Completed in 0ms
114 timing idealTree:node_modules/ieee754 Completed in 0ms
115 timing idealTree:node_modules/isarray Completed in 0ms
116 timing idealTree:node_modules/jmespath Completed in 0ms
117 silly placeDep ROOT argparse@1.0.10 OK for: js-yaml@3.13.1 want: ^1.0.7
118 silly placeDep ROOT esprima@4.0.1 OK for: js-yaml@3.13.1 want: ^4.0.0
119 silly fetch manifest sprintf-js@~1.0.2
120 http fetch GET 200 https://registry.npmjs.org/sprintf-js 34ms (cache miss)
121 timing idealTree:node_modules/js-yaml Completed in 37ms
122 silly placeDep ROOT sprintf-js@1.0.3 OK for: argparse@1.0.10 want: ~1.0.2
123 timing idealTree:node_modules/argparse Completed in 1ms
124 timing idealTree:node_modules/esprima Completed in 0ms
125 silly placeDep ROOT minimist@0.0.8 OK for: mkdirp@0.5.1 want: 0.0.8
126 timing idealTree:node_modules/mkdirp Completed in 1ms
127 timing idealTree:node_modules/minimist Completed in 0ms
128 timing idealTree:node_modules/querystring Completed in 0ms
129 timing idealTree:node_modules/sax Completed in 0ms
130 timing idealTree:node_modules/sprintf-js Completed in 0ms
131 silly placeDep ROOT punycode@1.3.2 OK for: url@0.10.3 want: 1.3.2
132 timing idealTree:node_modules/url Completed in 1ms
133 timing idealTree:node_modules/punycode Completed in 0ms
134 timing idealTree:node_modules/uuid Completed in 0ms
135 silly placeDep ROOT xmlbuilder@9.0.7 OK for: xml2js@0.4.19 want: ~9.0.1
136 timing idealTree:node_modules/xml2js Completed in 1ms
137 timing idealTree:node_modules/xmlbuilder Completed in 0ms
138 timing idealTree:node_modules/aws-sdk/node_modules/uuid Completed in 0ms
139 timing idealTree:buildDeps Completed in 726ms
140 timing idealTree:fixDepFlags Completed in 1ms
141 timing idealTree Completed in 752ms
142 timing reify:loadTrees Completed in 753ms
143 timing reify:diffTrees Completed in 1ms
144 silly reify moves {}
145 timing reify:retireShallow Completed in 1ms
146 timing reify:createSparse Completed in 4ms
147 timing reify:loadBundles Completed in 0ms
148 silly audit bulk request {
148 silly audit   server: [ '1.0.0' ],
148 silly audit   'amd-loader': [ '0.0.8' ],
148 silly audit   async: [ '3.1.1' ],
148 silly audit   'aws-sdk': [ '2.610.0' ],
148 silly audit   commander: [ '4.1.0' ],
148 silly audit   'http-error': [ '0.0.6' ],
148 silly audit   'js-yaml': [ '3.13.1' ],
148 silly audit   mkdirp: [ '0.5.1' ],
148 silly audit   uuid: [ '3.4.0', '3.3.2' ],
148 silly audit   buffer: [ '4.9.1' ],
148 silly audit   events: [ '1.1.1' ],
148 silly audit   ieee754: [ '1.1.13' ],
148 silly audit   jmespath: [ '0.15.0' ],
148 silly audit   querystring: [ '0.2.0' ],
148 silly audit   sax: [ '1.2.1' ],
148 silly audit   url: [ '0.10.3' ],
148 silly audit   xml2js: [ '0.4.19' ],
148 silly audit   'base64-js': [ '1.5.1' ],
148 silly audit   isarray: [ '1.0.0' ],
148 silly audit   argparse: [ '1.0.10' ],
148 silly audit   esprima: [ '4.0.1' ],
148 silly audit   'sprintf-js': [ '1.0.3' ],
148 silly audit   minimist: [ '0.0.8' ],
148 silly audit   punycode: [ '1.3.2' ],
148 silly audit   xmlbuilder: [ '9.0.7' ]
148 silly audit }
149 silly tarball no local data for xmlbuilder@https://registry.npmjs.org/xmlbuilder/-/xmlbuilder-9.0.7.tgz. Extracting by manifest.
150 silly tarball no local data for punycode@https://registry.npmjs.org/punycode/-/punycode-1.3.2.tgz. Extracting by manifest.
151 silly tarball no local data for minimist@https://registry.npmjs.org/minimist/-/minimist-0.0.8.tgz. Extracting by manifest.
152 silly tarball no local data for sprintf-js@https://registry.npmjs.org/sprintf-js/-/sprintf-js-1.0.3.tgz. Extracting by manifest.
153 silly tarball no local data for esprima@https://registry.npmjs.org/esprima/-/esprima-4.0.1.tgz. Extracting by manifest.
154 silly tarball no local data for argparse@https://registry.npmjs.org/argparse/-/argparse-1.0.10.tgz. Extracting by manifest.
155 silly tarball no local data for isarray@https://registry.npmjs.org/isarray/-/isarray-1.0.0.tgz. Extracting by manifest.
156 silly tarball no local data for base64-js@https://registry.npmjs.org/base64-js/-/base64-js-1.5.1.tgz. Extracting by manifest.
157 silly tarball no local data for xml2js@https://registry.npmjs.org/xml2js/-/xml2js-0.4.19.tgz. Extracting by manifest.
158 silly tarball no local data for url@https://registry.npmjs.org/url/-/url-0.10.3.tgz. Extracting by manifest.
159 silly tarball no local data for sax@https://registry.npmjs.org/sax/-/sax-1.2.1.tgz. Extracting by manifest.
160 silly tarball no local data for querystring@https://registry.npmjs.org/querystring/-/querystring-0.2.0.tgz. Extracting by manifest.
161 silly tarball no local data for jmespath@https://registry.npmjs.org/jmespath/-/jmespath-0.15.0.tgz. Extracting by manifest.
162 silly tarball no local data for ieee754@https://registry.npmjs.org/ieee754/-/ieee754-1.1.13.tgz. Extracting by manifest.
163 silly tarball no local data for events@https://registry.npmjs.org/events/-/events-1.1.1.tgz. Extracting by manifest.
164 silly tarball no local data for buffer@https://registry.npmjs.org/buffer/-/buffer-4.9.1.tgz. Extracting by manifest.
165 silly tarball no local data for uuid@https://registry.npmjs.org/uuid/-/uuid-3.4.0.tgz. Extracting by manifest.
166 silly tarball no local data for mkdirp@https://registry.npmjs.org/mkdirp/-/mkdirp-0.5.1.tgz. Extracting by manifest.
167 silly tarball no local data for js-yaml@https://registry.npmjs.org/js-yaml/-/js-yaml-3.13.1.tgz. Extracting by manifest.
168 silly tarball no local data for http-error@https://registry.npmjs.org/http-error/-/http-error-0.0.6.tgz. Extracting by manifest.
169 silly tarball no local data for commander@https://registry.npmjs.org/commander/-/commander-4.1.0.tgz. Extracting by manifest.
170 silly tarball no local data for aws-sdk@https://registry.npmjs.org/aws-sdk/-/aws-sdk-2.610.0.tgz. Extracting by manifest.
171 silly tarball no local data for uuid@https://registry.npmjs.org/uuid/-/uuid-3.3.2.tgz. Extracting by manifest.
172 silly tarball no local data for async@https://registry.npmjs.org/async/-/async-3.1.1.tgz. Extracting by manifest.
173 silly tarball no local data for amd-loader@https://registry.npmjs.org/amd-loader/-/amd-loader-0.0.8.tgz. Extracting by manifest.
174 http fetch POST 200 https://registry.npmjs.org/-/npm/v1/security/advisories/bulk 81ms
175 timing auditReport:getReport Completed in 84ms
176 silly audit report {
176 silly audit report   async: [
176 silly audit report     {
176 silly audit report       id: 1088667,
176 silly audit report       url: 'https://github.com/advisories/GHSA-fwr7-v2mv-hh25',
176 silly audit report       title: 'Prototype Pollution in async',
176 silly audit report       severity: 'high',
176 silly audit report       vulnerable_versions: '>=3.0.0 <3.2.2',
176 silly audit report       cwe: [Array],
176 silly audit report       cvss: [Object]
176 silly audit report     }
176 silly audit report   ],
176 silly audit report   'aws-sdk': [
176 silly audit report     {
176 silly audit report       id: 1089198,
176 silly audit report       url: 'https://github.com/advisories/GHSA-rrc9-gqf8-8rwg',
176 silly audit report       title: 'Prototype Pollution via file load in aws-sdk and @aws-sdk/shared-ini-file-loader',
176 silly audit report       severity: 'high',
176 silly audit report       vulnerable_versions: '<2.814.0',
176 silly audit report       cwe: [Array],
176 silly audit report       cvss: [Object]
176 silly audit report     }
176 silly audit report   ],
176 silly audit report   minimist: [
176 silly audit report     {
176 silly audit report       id: 1088730,
176 silly audit report       url: 'https://github.com/advisories/GHSA-xvch-5gv4-984h',
176 silly audit report       title: 'Prototype Pollution in minimist',
176 silly audit report       severity: 'critical',
176 silly audit report       vulnerable_versions: '<1.2.6',
176 silly audit report       cwe: [Array],
176 silly audit report       cvss: [Object]
176 silly audit report     },
176 silly audit report     {
176 silly audit report       id: 1087533,
176 silly audit report       url: 'https://github.com/advisories/GHSA-vh95-rmgr-6w4m',
176 silly audit report       title: 'Prototype Pollution in minimist',
176 silly audit report       severity: 'moderate',
176 silly audit report       vulnerable_versions: '<0.2.1',
176 silly audit report       cwe: [Array],
176 silly audit report       cvss: [Object]
176 silly audit report     }
176 silly audit report   ]
176 silly audit report }
177 timing metavuln:packument:async Completed in 1ms
178 timing metavuln:packument:aws-sdk Completed in 0ms
179 timing metavuln:packument:minimist Completed in 0ms
180 timing metavuln:cache:get:security-advisory:async:TS8C613Kq1RHA0mmB2CphTsVrWclCdh8passbljNacn6DzweYKI5VB/TyGbwhZeWvFSnNDGCgbjYwHdhajZK5w== Completed in 14ms
181 timing metavuln:load:security-advisory:async:1088667 Completed in 3ms
182 timing metavuln:cache:get:security-advisory:aws-sdk:WpxrhfrOoebpP2B21LkzNHolrtIN9jbCXsKn0Nug97H6R8Fz3qIjLzLuqzHR7BdEjwTzn6719AaUQZI1quVjtw== Completed in 17ms
183 timing metavuln:load:security-advisory:aws-sdk:1089198 Completed in 61ms
184 timing metavuln:cache:get:security-advisory:minimist:RxR/U9wHoc2s2CyEY79xypf3CRi14Lj4v5OTym3KXMvyw0qr5KB67z7KyEpnSLvB99FlqMZgs1b/uky2uDY0Iw== Completed in 79ms
185 timing metavuln:load:security-advisory:minimist:1088730 Completed in 1ms
186 timing metavuln:cache:get:security-advisory:minimist:kgpgQATqmyfQHpbcaEFsfQKhmKFdayWnmGqTkReHjU+aRVlL9WYVxCuuPE4HDZ1E8CicjcdMNq1rmiJ/2RByAQ== Completed in 81ms
187 timing metavuln:load:security-advisory:minimist:1087533 Completed in 1ms
188 timing metavuln:cache:put:security-advisory:aws-sdk:WpxrhfrOoebpP2B21LkzNHolrtIN9jbCXsKn0Nug97H6R8Fz3qIjLzLuqzHR7BdEjwTzn6719AaUQZI1quVjtw== Completed in 218ms
189 timing metavuln:calculate:security-advisory:aws-sdk:1089198 Completed in 296ms
190 timing metavuln:cache:put:security-advisory:minimist:kgpgQATqmyfQHpbcaEFsfQKhmKFdayWnmGqTkReHjU+aRVlL9WYVxCuuPE4HDZ1E8CicjcdMNq1rmiJ/2RByAQ== Completed in 215ms
191 timing metavuln:calculate:security-advisory:minimist:1087533 Completed in 297ms
192 http fetch GET 200 https://registry.npmjs.org/url/-/url-0.10.3.tgz 352ms (cache miss)
193 timing reifyNode:node_modules/url Completed in 379ms
194 timing metavuln:cache:put:security-advisory:async:TS8C613Kq1RHA0mmB2CphTsVrWclCdh8passbljNacn6DzweYKI5VB/TyGbwhZeWvFSnNDGCgbjYwHdhajZK5w== Completed in 297ms
195 timing metavuln:calculate:security-advisory:async:1088667 Completed in 314ms
196 timing metavuln:cache:put:security-advisory:minimist:RxR/U9wHoc2s2CyEY79xypf3CRi14Lj4v5OTym3KXMvyw0qr5KB67z7KyEpnSLvB99FlqMZgs1b/uky2uDY0Iw== Completed in 232ms
197 timing metavuln:calculate:security-advisory:minimist:1088730 Completed in 313ms
198 timing metavuln:packument:mkdirp Completed in 1ms
199 http fetch GET 200 https://registry.npmjs.org/isarray/-/isarray-1.0.0.tgz 394ms (cache miss)
200 timing reifyNode:node_modules/isarray Completed in 418ms
201 timing metavuln:cache:get:security-advisory:mkdirp:+z7M3p2J4ctkVlmlthBTH1qvaH/z2jzJEyNmxfNGhjTntaJcBDH8CXknPco2O74hmQ6Tk2RklJ9vAlr/wFx8kg== Completed in 8ms
202 timing metavuln:load:security-advisory:mkdirp:RxR/U9wHoc2s2CyEY79xypf3CRi14Lj4v5OTym3KXMvyw0qr5KB67z7KyEpnSLvB99FlqMZgs1b/uky2uDY0Iw== Completed in 4ms
203 http fetch GET 200 https://registry.npmjs.org/base64-js/-/base64-js-1.5.1.tgz 399ms (cache miss)
204 timing reifyNode:node_modules/base64-js Completed in 424ms
205 http fetch GET 200 https://registry.npmjs.org/http-error/-/http-error-0.0.6.tgz 388ms (cache miss)
206 timing reifyNode:node_modules/http-error Completed in 426ms
207 http fetch GET 200 https://registry.npmjs.org/commander/-/commander-4.1.0.tgz 390ms (cache miss)
208 timing reifyNode:node_modules/commander Completed in 429ms
209 http fetch GET 200 https://registry.npmjs.org/minimist/-/minimist-0.0.8.tgz 412ms (cache miss)
210 timing reifyNode:node_modules/minimist Completed in 432ms
211 http fetch GET 200 https://registry.npmjs.org/punycode/-/punycode-1.3.2.tgz 415ms (cache miss)
212 timing reifyNode:node_modules/punycode Completed in 434ms
213 http fetch GET 200 https://registry.npmjs.org/sprintf-js/-/sprintf-js-1.0.3.tgz 417ms (cache miss)
214 http fetch GET 200 https://registry.npmjs.org/xml2js/-/xml2js-0.4.19.tgz 413ms (cache miss)
215 timing reifyNode:node_modules/xml2js Completed in 438ms
216 http fetch GET 200 https://registry.npmjs.org/ieee754/-/ieee754-1.1.13.tgz 409ms (cache miss)
217 timing reifyNode:node_modules/ieee754 Completed in 440ms
218 http fetch GET 200 https://registry.npmjs.org/events/-/events-1.1.1.tgz 410ms (cache miss)
219 http fetch GET 200 https://registry.npmjs.org/amd-loader/-/amd-loader-0.0.8.tgz 392ms (cache miss)
220 timing reifyNode:node_modules/sprintf-js Completed in 446ms
221 http fetch GET 200 https://registry.npmjs.org/querystring/-/querystring-0.2.0.tgz 417ms (cache miss)
222 timing reifyNode:node_modules/events Completed in 448ms
223 warn deprecated querystring@0.2.0: The querystring API is considered Legacy. new code should use the URLSearchParams API instead.
224 timing reifyNode:node_modules/querystring Completed in 449ms
225 timing reifyNode:node_modules/amd-loader Completed in 450ms
226 http fetch GET 200 https://registry.npmjs.org/uuid/-/uuid-3.3.2.tgz 404ms (cache miss)
227 warn deprecated uuid@3.3.2: Please upgrade  to version 7 or higher.  Older versions may use Math.random() in certain circumstances, which is known to be problematic.  See https://v8.dev/blog/math-random for details.
228 timing reifyNode:node_modules/aws-sdk/node_modules/uuid Completed in 455ms
229 http fetch GET 200 https://registry.npmjs.org/mkdirp/-/mkdirp-0.5.1.tgz 424ms (cache miss)
230 warn deprecated mkdirp@0.5.1: Legacy versions of mkdirp are no longer supported. Please update to mkdirp 1.x. (Note that the API surface has changed to use Promises in 1.x.)
231 timing reifyNode:node_modules/mkdirp Completed in 463ms
232 http fetch GET 200 https://registry.npmjs.org/sax/-/sax-1.2.1.tgz 438ms (cache miss)
233 timing reifyNode:node_modules/sax Completed in 466ms
234 http fetch GET 200 https://registry.npmjs.org/xmlbuilder/-/xmlbuilder-9.0.7.tgz 455ms (cache miss)
235 http fetch GET 200 https://registry.npmjs.org/uuid/-/uuid-3.4.0.tgz 440ms (cache miss)
236 warn deprecated uuid@3.4.0: Please upgrade  to version 7 or higher.  Older versions may use Math.random() in certain circumstances, which is known to be problematic.  See https://v8.dev/blog/math-random for details.
237 timing reifyNode:node_modules/uuid Completed in 474ms
238 timing metavuln:cache:put:security-advisory:mkdirp:+z7M3p2J4ctkVlmlthBTH1qvaH/z2jzJEyNmxfNGhjTntaJcBDH8CXknPco2O74hmQ6Tk2RklJ9vAlr/wFx8kg== Completed in 53ms
239 timing metavuln:calculate:security-advisory:mkdirp:RxR/U9wHoc2s2CyEY79xypf3CRi14Lj4v5OTym3KXMvyw0qr5KB67z7KyEpnSLvB99FlqMZgs1b/uky2uDY0Iw== Completed in 65ms
240 timing auditReport:init Completed in 398ms
241 timing reify:audit Completed in 483ms
242 timing reifyNode:node_modules/xmlbuilder Completed in 480ms
243 http fetch GET 200 https://registry.npmjs.org/esprima/-/esprima-4.0.1.tgz 471ms (cache miss)
244 timing reifyNode:node_modules/esprima Completed in 493ms
245 http fetch GET 200 https://registry.npmjs.org/argparse/-/argparse-1.0.10.tgz 480ms (cache miss)
246 timing reifyNode:node_modules/argparse Completed in 504ms
247 http fetch GET 200 https://registry.npmjs.org/buffer/-/buffer-4.9.1.tgz 492ms (cache miss)
248 warn deprecated buffer@4.9.1: This version of 'buffer' is out-of-date. You must update to v4.9.2 or newer
249 timing reifyNode:node_modules/buffer Completed in 525ms
250 http fetch GET 200 https://registry.npmjs.org/jmespath/-/jmespath-0.15.0.tgz 497ms (cache miss)
251 timing reifyNode:node_modules/jmespath Completed in 527ms
252 http fetch GET 200 https://registry.npmjs.org/js-yaml/-/js-yaml-3.13.1.tgz 491ms (cache miss)
253 timing reifyNode:node_modules/js-yaml Completed in 528ms
254 http fetch GET 200 https://registry.npmjs.org/async/-/async-3.1.1.tgz 522ms (cache miss)
255 timing reifyNode:node_modules/async Completed in 571ms
256 http fetch GET 200 https://registry.npmjs.org/aws-sdk/-/aws-sdk-2.610.0.tgz 1114ms (cache miss)
257 timing reifyNode:node_modules/aws-sdk Completed in 1161ms
258 timing reify:unpack Completed in 1162ms
259 timing reify:unretire Completed in 0ms
260 timing build:queue Completed in 1ms
261 timing build:link:node_modules/aws-sdk/node_modules/uuid Completed in 2ms
262 timing build:link:node_modules/esprima Completed in 3ms
263 timing build:link:node_modules/js-yaml Completed in 2ms
264 timing build:link:node_modules/mkdirp Completed in 2ms
265 timing build:link:node_modules/uuid Completed in 2ms
266 timing build:link Completed in 3ms
267 timing build:deps Completed in 4ms
268 timing build Completed in 4ms
269 timing reify:build Completed in 5ms
270 timing reify:trash Completed in 0ms
271 timing reify:save Completed in 11ms
272 timing reify Completed in 1952ms
273 silly ADD node_modules/xmlbuilder
274 silly ADD node_modules/punycode
275 silly ADD node_modules/minimist
276 silly ADD node_modules/sprintf-js
277 silly ADD node_modules/esprima
278 silly ADD node_modules/argparse
279 silly ADD node_modules/isarray
280 silly ADD node_modules/base64-js
281 silly ADD node_modules/xml2js
282 silly ADD node_modules/url
283 silly ADD node_modules/sax
284 silly ADD node_modules/querystring
285 silly ADD node_modules/jmespath
286 silly ADD node_modules/ieee754
287 silly ADD node_modules/events
288 silly ADD node_modules/buffer
289 silly ADD node_modules/uuid
290 silly ADD node_modules/mkdirp
291 silly ADD node_modules/js-yaml
292 silly ADD node_modules/http-error
293 silly ADD node_modules/commander
294 silly ADD node_modules/aws-sdk
295 silly ADD node_modules/aws-sdk/node_modules/uuid
296 silly ADD node_modules/async
297 silly ADD node_modules/amd-loader
298 timing command:install Completed in 1987ms
299 verbose exit 0
300 timing npm Completed in 2103ms
301 info ok
